= Host-specific information ====================================================
$> hostname; uname -msr
e1z2r4p9.42.us.org
Darwin 17.4.0 x86_64
$> date
Tue Feb 19 10:42:19 PST 2019
$> gcc --version
Configured with: --prefix=/Library/Developer/CommandLineTools/usr --with-gxx-include-dir=/usr/include/c++/4.2.1
Apple LLVM version 9.1.0 (clang-902.0.39.1)
Target: x86_64-apple-darwin17.4.0
Thread model: posix
InstalledDir: /Library/Developer/CommandLineTools/usr/bin
$> clang --version
Apple LLVM version 9.1.0 (clang-902.0.39.1)
Target: x86_64-apple-darwin17.4.0
Thread model: posix
InstalledDir: /Library/Developer/CommandLineTools/usr/bin

= User files collection ========================================================
Collecting user files from Vogsphere
Repository URL: auto-exam/2019/c-exam-alone-in-the-dark-beginner/exam_20190219/jkaplin

= Git history ==================================================================
$> git -C /var/folders/x_/xhjgjl_j7fs9ms62q7njyhb00000gp/T/tmpTgDR1x/user log --pretty='%H - %an, %ad : %s'
420916ccf61d478353be6d19cf25fe521ff7c141 - Exam 42, Tue Feb 19 10:41:43 2019 -0800 : 4
2aea0ded69007c50761782dd6762ddc7d73ca2ff - Exam 42, Tue Feb 19 09:47:46 2019 -0800 : 3
2ff15fa6d813b2dfd74a171740580aaab3a6d8bd - Exam 42, Tue Feb 19 09:23:42 2019 -0800 : 2
d14f2c5264e1c15bc88db6f195c4987195c75d1d - Exam 42, Tue Feb 19 09:10:51 2019 -0800 : 1
f1c6a13a280af5071d81817633a597e073008376 - Exam 42, Tue Feb 19 09:03:25 2019 -0800 : 0
 
= Collected files ==========================================
$> ls -lAR /var/folders/x_/xhjgjl_j7fs9ms62q7njyhb00000gp/T/tmpTgDR1x/user
total 8
-rw-r--r--  1 deepthought  deepthought  1186 Feb 19 10:42 __GIT_HISTORY
drwxr-xr-x  3 deepthought  deepthought   102 Feb 19 10:42 check_mate
drwxr-xr-x  3 deepthought  deepthought   102 Feb 19 10:42 ft_atoi_base
drwxr-xr-x  3 deepthought  deepthought   102 Feb 19 10:42 ft_countdown
drwxr-xr-x  3 deepthought  deepthought   102 Feb 19 10:42 last_word
drwxr-xr-x  3 deepthought  deepthought   102 Feb 19 10:42 ulstr

/var/folders/x_/xhjgjl_j7fs9ms62q7njyhb00000gp/T/tmpTgDR1x/user/check_mate:
total 8
-rw-r--r--  1 deepthought  deepthought  3721 Feb 19 10:42 check_mate.c

/var/folders/x_/xhjgjl_j7fs9ms62q7njyhb00000gp/T/tmpTgDR1x/user/ft_atoi_base:
total 8
-rw-r--r--  1 deepthought  deepthought  1594 Feb 19 10:42 ft_atoi_base.c

/var/folders/x_/xhjgjl_j7fs9ms62q7njyhb00000gp/T/tmpTgDR1x/user/ft_countdown:
total 8
-rw-r--r--  1 deepthought  deepthought  977 Feb 19 10:42 ft_countdown.c

/var/folders/x_/xhjgjl_j7fs9ms62q7njyhb00000gp/T/tmpTgDR1x/user/last_word:
total 8
-rw-r--r--  1 deepthought  deepthought  1395 Feb 19 10:42 last_word.c

/var/folders/x_/xhjgjl_j7fs9ms62q7njyhb00000gp/T/tmpTgDR1x/user/ulstr:
total 8
-rw-r--r--  1 deepthought  deepthought  1284 Feb 19 10:42 ulstr.c
 
= check_mate ===================================================================
$> gcc -Wextra -Wall -Werror check_mate.c -o user_exe 

= Test 1 ===================================================
$> ./25o2679j06h7ik8udmvqppnt 
$> diff -U 3 user_output_test1 test1.output | cat -e

Diff OK :D
= Test 2 ===================================================
$> ./gp5p7lye4nhejlo09ft97h2t '...B.' '.B...' '$%^&*' '...K.' '.....'
$> diff -U 3 user_output_test2 test2.output | cat -e

Diff OK :D
= Test 3 ===================================================
$> ./f6oaz3bki18fj18xotv1jrh8  "...B." ".T..." "....." "...K." "....."
$> diff -U 3 user_output_test3 test3.output | cat -e

Diff OK :D
= Test 4 ===================================================
$> ./on08mpofkp0xn8j1jec1vl4v "K"
$> diff -U 3 user_output_test4 test4.output | cat -e

Diff OK :D
= Test 5 ===================================================
$> ./tn8mwzip1gop9bd9frfemftj "BPKP" "PRP." ".Q.." "..P."
$> diff -U 3 user_output_test5 test5.output | cat -e

Diff OK :D
= Test 6 ===================================================
$> ./uvsp8k3y4u9kbotzdgf0a18z "B....." "......" "......" "......" "......" ".....K"
$> diff -U 3 user_output_test6 test6.output | cat -e

Diff OK :D
= Test 7 ===================================================
$> ./9pwokuvn8rpd40dppnz95u3c "K....." "......" "......" "......" "......" ".....B"
$> diff -U 3 user_output_test7 test7.output | cat -e

Diff OK :D
= Test 8 ===================================================
$> ./p9h4xie7wzsnw15ice6jrxwo '........' '........' '.P....P.' '...B.B..' '....Q...' '..R..R..' '......K.' '...R....'
$> diff -U 3 user_output_test8 test8.output | cat -e

Diff OK :D
Grade: 1

= Final grade: 1 ===============================================================
