= Host-specific information ====================================================
$> hostname; uname -msr
e1z2r9p19.42.us.org
Darwin 17.4.0 x86_64
$> date
Sun Feb 17 10:19:19 PST 2019
$> gcc --version
Configured with: --prefix=/Library/Developer/CommandLineTools/usr --with-gxx-include-dir=/usr/include/c++/4.2.1
Apple LLVM version 9.0.0 (clang-900.0.39.2)
Target: x86_64-apple-darwin17.4.0
Thread model: posix
InstalledDir: /Library/Developer/CommandLineTools/usr/bin
$> clang --version
Apple LLVM version 9.0.0 (clang-900.0.39.2)
Target: x86_64-apple-darwin17.4.0
Thread model: posix
InstalledDir: /Library/Developer/CommandLineTools/usr/bin

= User files collection ========================================================
Collecting user files from Vogsphere
Repository URL: auto-exam/2019/c-exam-alone-in-the-dark-beginner/practice-exam_20190217/jkaplin16

= Git history ==================================================================
$> git -C /var/folders/fp/d9kp1j4963xbzbd1rylkjchr0000gp/T/tmpcOXZTa/user log --pretty='%H - %an, %ad : %s'
847bbb7a2fca24cdf2abc149e7aea0cf002bbd6e - Joseph Kaplin, Sun Feb 17 10:19:11 2019 -0800 : 0
 
= Collected files ==========================================
$> ls -lAR /var/folders/fp/d9kp1j4963xbzbd1rylkjchr0000gp/T/tmpcOXZTa/user
total 8
-rw-r--r--  1 deepthought  deepthought  250 Feb 17 10:19 __GIT_HISTORY
drwxr-xr-x  3 deepthought  deepthought  102 Feb 17 10:19 aff_last_param

/var/folders/fp/d9kp1j4963xbzbd1rylkjchr0000gp/T/tmpcOXZTa/user/aff_last_param:
total 8
-rw-r--r--  1 deepthought  deepthought  1129 Feb 17 10:19 aff_last_param.c
 
= aff_last_param ===============================================================
$> gcc -Wextra -Wall -Werror aff_last_param.c -o user_exe 

= Test 1 ===================================================
$> ./vak6nveta1bhss5y1pmttd3o 
$> diff -U 3 user_output_test1 test1.output | cat -e

Diff OK :D
= Test 2 ===================================================
$> ./25kyfe80fct8v7qldrm6i57e "GzcShjEqu"
$> diff -U 3 user_output_test2 test2.output | cat -e

Diff OK :D
= Test 3 ===================================================
$> ./m6hz6uwk6l8oeyje472odbrz "4197T2XfpQFvstzS"
$> diff -U 3 user_output_test3 test3.output | cat -e

Diff OK :D
= Test 4 ===================================================
$> ./ijneo8ia0nya7un4pc630k4j "ykj M6D0n5oLjyH7 k d 4R 6u8H7ACp QeI1S8GBq Tsu mw6S3ae"
$> diff -U 3 user_output_test4 test4.output | cat -e

Diff OK :D
= Test 5 ===================================================
$> ./0g7joauto5qf4wt09e1agsal "kL K6kPTdzFeCX 4Cd1om BWX8r0m qUT3 gzC 1CTcOnkhrA 7ok3eGDh"
$> diff -U 3 user_output_test5 test5.output | cat -e

Diff OK :D
= Test 6 ===================================================
$> ./avj8dwo8q7umx9k35prpslqz "MnY4FjGu" "Ec6SG" "FJ4PMl8Qrw" "f2sTbM" "cPS4KyVNH" "hzG7D0wLJaA"
$> diff -U 3 user_output_test6 test6.output | cat -e

Diff OK :D
= Test 7 ===================================================
$> ./9c8tln6aqs62rw8nv9nmdkab "Q0x7ZbIf" "1CMOL" "M" "DiJxtCH1E" "pily" "WGjOS0oA" "0yZb4j5MWT" "2Rwq" "Gc2PsmTV" "3aQbKNju" "N2"
$> diff -U 3 user_output_test7 test7.output | cat -e

Diff OK :D
= Test 8 ===================================================
$> ./hjgxhjxj6jtlq7oji218or7j "NfbsoSJr sfU w14CYmkqU" "7pc Y" "xSRzeUtj" "bkTdm GlihQp guwiZ3" "U v ACT3Jh mBNaLSWO4J" "V4 lcVUS mePuwjDIXcis eaEfBX" "xig o8qt2LwD6VQs" "fgczsEr sXCGV2m7" "eWpPEAGS9 0 NyY0FSq" "E2OMQJj1oIH d1TMAkLI 0ZQLEjGS" "TMynfOYja 8zDZR wQIbaV" "OY" "t DUO ZQIVWK16Y L6" "GO YeVf6csoTil" "4Ff 6wnJIURProj pdkv kG5hAEMBY8"
$> diff -U 3 user_output_test8 test8.output | cat -e

Diff OK :D
= Test 9 ===================================================
$> ./ipwezxp1wxvjh9hff54c71c4 "7b Wi61qayd8Zz0 lNeC7 LoUb0tHJYRP" "HweIRrAVYEXJ GLDzA 1zknPGO0Ux" "gWdtQJkqculG 8B2N 6IUAB" "6twBDgI93ih8"
$> diff -U 3 user_output_test9 test9.output | cat -e

Diff OK :D
Grade: 1

= Final grade: 1 ===============================================================
