= Host-specific information ====================================================
$> hostname; uname -msr
e1z3r5p2.42.us.org
Darwin 17.4.0 x86_64
$> date
Sat Feb 16 16:19:42 PST 2019
$> gcc --version
Configured with: --prefix=/Library/Developer/CommandLineTools/usr --with-gxx-include-dir=/usr/include/c++/4.2.1
Apple LLVM version 9.1.0 (clang-902.0.39.1)
Target: x86_64-apple-darwin17.4.0
Thread model: posix
InstalledDir: /Library/Developer/CommandLineTools/usr/bin
$> clang --version
Apple LLVM version 9.1.0 (clang-902.0.39.1)
Target: x86_64-apple-darwin17.4.0
Thread model: posix
InstalledDir: /Library/Developer/CommandLineTools/usr/bin

= User files collection ========================================================
Collecting user files from Vogsphere
Repository URL: auto-exam/2019/c-exam-alone-in-the-dark-beginner/practice-exam_20190217/jkaplin

= Git history ==================================================================
$> git -C /var/folders/2f/398gc7r176v2wq67ld9l_0vr0000gp/T/tmpVl6yKW/user log --pretty='%H - %an, %ad : %s'
57bb4e26dddf16d9bbc6b851212d555fa75326ff - Joseph Kaplin, Sat Feb 16 16:19:32 2019 -0800 : 1
8ef66ab6becf42cc5cfa61bdfc5d43396011b99b - Joseph Kaplin, Sat Feb 16 16:16:11 2019 -0800 : 0
 
= Collected files ==========================================
$> ls -lAR /var/folders/2f/398gc7r176v2wq67ld9l_0vr0000gp/T/tmpVl6yKW/user
total 8
-rw-r--r--  1 deepthought  deepthought  518 Feb 16 16:19 __GIT_HISTORY
drwxr-xr-x  3 deepthought  deepthought  102 Feb 16 16:19 ft_strlen

/var/folders/2f/398gc7r176v2wq67ld9l_0vr0000gp/T/tmpVl6yKW/user/ft_strlen:
total 8
-rw-r--r--  1 deepthought  deepthought  1001 Feb 16 16:19 ft_strlen.c
 
= ft_strlen ====================================================================
$> gcc -Wextra -Wall -Werror ft_strlen.c main.c -o user_exe 

= Test 1 ===================================================
$> ./aye1d7k0f9nsw45y84ko3p4e ""
$> diff -U 3 user_output_test1 test1.output | cat -e

Diff OK :D
= Test 2 ===================================================
$> ./bpvqottbsis6yavswo82d3id "	"
$> diff -U 3 user_output_test2 test2.output | cat -e

Diff OK :D
= Test 3 ===================================================
$> ./1jlpc3z2hqyahu85caq56i45 "IcnUQ"
$> diff -U 3 user_output_test3 test3.output | cat -e

Diff OK :D
= Test 4 ===================================================
$> ./0tm84e5cm4bn2s0meex29t64 "1vV7WCOakBtuT6IJ"
$> diff -U 3 user_output_test4 test4.output | cat -e

Diff OK :D
= Test 5 ===================================================
$> ./rgmsgvuskzj42o14lxeqbvjh "WJ0m1"
$> diff -U 3 user_output_test5 test5.output | cat -e

Diff OK :D
= Test 6 ===================================================
$> ./hticcgqf5jr79l1h3sqx5gid "AzeoPxG EVpxnS8iR boY0q QNXm7asfIYe1MP95W z0TgPfLxiIv Jq7H0 V9OKj2zlywsk1 7up3gEBz Bpv9r FGtpv k4F2ZnMqd179V Cnj7E3z0riK5NcV1B BGiXIoV xSu YFQKN3Wetox9Gy dc0HOm M6rkC2lXRQHSuehT3"
$> diff -U 3 user_output_test6 test6.output | cat -e

Diff OK :D
= Test 7 ===================================================
$> ./v3maficnrbnkb2eiy4vy65ck "Mi1crF0jBgH E4Np 6kfRHTVg1h47b9BY AXvEmOBL zHpMDUJ3AY82L ScbJURjBsr H12gxZRDAzPw9M 01duHsNLRiP8 s9tGhCLam6MXVyb"
$> diff -U 3 user_output_test7 test7.output | cat -e

Diff OK :D
= Test 8 ===================================================
$> ./exd3w4orq1ghdacm2r44vbtq "2yfltXLR8rID EKMf3Lk qnt65LOKYec8aRrFN awcHU H7x Bq1Ck0iQDpK"
$> diff -U 3 user_output_test8 test8.output | cat -e

Diff OK :D
Grade: 1

= Final grade: 1 ===============================================================
