= Host-specific information ====================================================
$> hostname; uname -msr
e1z2r12p2.42.us.org
Darwin 17.4.0 x86_64
$> date
Sat Feb 16 14:57:37 PST 2019
$> gcc --version
Configured with: --prefix=/Library/Developer/CommandLineTools/usr --with-gxx-include-dir=/usr/include/c++/4.2.1
Apple LLVM version 9.0.0 (clang-900.0.39.2)
Target: x86_64-apple-darwin17.4.0
Thread model: posix
InstalledDir: /Library/Developer/CommandLineTools/usr/bin
$> clang --version
Apple LLVM version 9.0.0 (clang-900.0.39.2)
Target: x86_64-apple-darwin17.4.0
Thread model: posix
InstalledDir: /Library/Developer/CommandLineTools/usr/bin

= User files collection ========================================================
Collecting user files from Vogsphere
Repository URL: auto-exam/2019/c-exam-alone-in-the-dark-beginner/practice-exam_20190216/jkaplin3

= Git history ==================================================================
$> git -C /var/folders/0y/5p95x7cd3vb2gty2by7vtc1c0000gp/T/tmp_eQWD1/user log --pretty='%H - %an, %ad : %s'
b22c8ec015ec45203a4b70662918e73bb1468bdb - Joseph Kaplin, Sat Feb 16 14:57:10 2019 -0800 : Initial commit
 
= Collected files ==========================================
$> ls -lAR /var/folders/0y/5p95x7cd3vb2gty2by7vtc1c0000gp/T/tmp_eQWD1/user
total 8
-rw-r--r--  1 deepthought  deepthought  234 Feb 16 14:57 __GIT_HISTORY
drwxr-xr-x  3 deepthought  deepthought  102 Feb 16 14:57 hello

/var/folders/0y/5p95x7cd3vb2gty2by7vtc1c0000gp/T/tmp_eQWD1/user/hello:
total 8
-rw-r--r--  1 deepthought  deepthought  975 Feb 16 14:57 hello.c
 
= hello ========================================================================
$> gcc -Wextra -Wall -Werror hello.c -o user_exe 

= Test 1 ===================================================
$> ./ruu7jquw51ypuyl5cq6hcblp test1.prm
$> diff -U 3 user_output_test1 test1.output | cat -e

Diff OK :D
Grade: 1

= Final grade: 1 ===============================================================
