= Host-specific information ====================================================
$> hostname; uname -msr
e1z4r15p1.42.us.org
Darwin 17.5.0 x86_64
$> date
Mon Feb 18 17:15:24 PST 2019
$> gcc --version
Configured with: --prefix=/Library/Developer/CommandLineTools/usr --with-gxx-include-dir=/usr/include/c++/4.2.1
Apple LLVM version 9.1.0 (clang-902.0.39.1)
Target: x86_64-apple-darwin17.5.0
Thread model: posix
InstalledDir: /Library/Developer/CommandLineTools/usr/bin
$> clang --version
Apple LLVM version 9.1.0 (clang-902.0.39.1)
Target: x86_64-apple-darwin17.5.0
Thread model: posix
InstalledDir: /Library/Developer/CommandLineTools/usr/bin

= User files collection ========================================================
Collecting user files from Vogsphere
Repository URL: auto-exam/2019/c-exam-alone-in-the-dark-beginner/practice-exam_20190219/jkaplin

= Git history ==================================================================
$> git -C /var/folders/vh/_xzhp75j2hj6vzbg0bqhr52c0000gp/T/tmpdWYQLX/user log --pretty='%H - %an, %ad : %s'
d2d4b4b4cfa1f3bdaaaa21a188e004d9a462f937 - Joseph Kaplin, Mon Feb 18 17:15:18 2019 -0800 : 2
b71b7887a406de2bf8617fe40c375a404533d51d - Joseph Kaplin, Mon Feb 18 17:07:30 2019 -0800 : 1
2c234a88e784579900b157782307867c879cbf0b - Joseph Kaplin, Mon Feb 18 17:05:29 2019 -0800 : 0
 
= Collected files ==========================================
$> ls -lAR /var/folders/vh/_xzhp75j2hj6vzbg0bqhr52c0000gp/T/tmpdWYQLX/user
total 8
-rw-r--r--  1 deepthought  deepthought  724 Feb 18 17:15 __GIT_HISTORY
drwxr-xr-x  3 deepthought  deepthought  102 Feb 18 17:15 aff_first_param
drwxr-xr-x  3 deepthought  deepthought  102 Feb 18 17:15 ft_strcpy
drwxr-xr-x  3 deepthought  deepthought  102 Feb 18 17:15 reverse_bits

/var/folders/vh/_xzhp75j2hj6vzbg0bqhr52c0000gp/T/tmpdWYQLX/user/aff_first_param:
total 8
-rwxr-xr-x  1 deepthought  deepthought  1089 Feb 18 17:15 aff_first_param.c

/var/folders/vh/_xzhp75j2hj6vzbg0bqhr52c0000gp/T/tmpdWYQLX/user/ft_strcpy:
total 8
-rw-r--r--  1 deepthought  deepthought  1027 Feb 18 17:15 ft_strcpy.c

/var/folders/vh/_xzhp75j2hj6vzbg0bqhr52c0000gp/T/tmpdWYQLX/user/reverse_bits:
total 8
-rw-r--r--  1 deepthought  deepthought  1099 Feb 18 17:15 reverse_bits.c
 
= reverse_bits =================================================================
$> gcc -Wextra -Wall -Werror main.c reverse_bits.c -o user_exe 

= Test 1 ===================================================
$> ./rwizq1iap9ieqqh1tgkrpn8a
$> diff -U 3 user_output_test1 test1.output | cat -e

Diff OK :D
Grade: 1

= Final grade: 1 ===============================================================
