= Host-specific information ====================================================
$> hostname; uname -msr
e1z2r3p39.42.us.org
Darwin 17.4.0 x86_64
$> date
Sat Feb 16 19:49:51 PST 2019
$> gcc --version
Configured with: --prefix=/Library/Developer/CommandLineTools/usr --with-gxx-include-dir=/usr/include/c++/4.2.1
Apple LLVM version 9.1.0 (clang-902.0.39.1)
Target: x86_64-apple-darwin17.4.0
Thread model: posix
InstalledDir: /Library/Developer/CommandLineTools/usr/bin
$> clang --version
Apple LLVM version 9.1.0 (clang-902.0.39.1)
Target: x86_64-apple-darwin17.4.0
Thread model: posix
InstalledDir: /Library/Developer/CommandLineTools/usr/bin

= User files collection ========================================================
Collecting user files from Vogsphere
Repository URL: auto-exam/2019/c-exam-alone-in-the-dark-beginner/practice-exam_20190217/jkaplin2

= Git history ==================================================================
$> git -C /var/folders/lk/5s13m0zx3kg81c5vkb_mnxz00000gp/T/tmp755f19/user log --pretty='%H - %an, %ad : %s'
bd82b7bbede93fd9db0d9587d039af322c3c72c7 - Joseph Kaplin, Sat Feb 16 19:15:12 2019 -0800 : 0
db5c5131c6396ec400bb34dc172cd3503d2b71a4 - Joseph Kaplin, Sat Feb 16 18:45:13 2019 -0800 : 0
 
= Collected files ==========================================
$> ls -lAR /var/folders/lk/5s13m0zx3kg81c5vkb_mnxz00000gp/T/tmp755f19/user
total 8
-rw-r--r--  1 deepthought  deepthought  475 Feb 16 19:49 __GIT_HISTORY
drwxr-xr-x  3 deepthought  deepthought  102 Feb 16 19:49 aff_z
drwxr-xr-x  3 deepthought  deepthought  102 Feb 16 19:49 ft_countdown

/var/folders/lk/5s13m0zx3kg81c5vkb_mnxz00000gp/T/tmp755f19/user/aff_z:
total 8
-rw-r--r--  1 deepthought  deepthought  984 Feb 16 19:49 aff_z.c

/var/folders/lk/5s13m0zx3kg81c5vkb_mnxz00000gp/T/tmp755f19/user/ft_countdown:
total 8
-rw-r--r--  1 deepthought  deepthought  1089 Feb 16 19:49 ft_countdown.c
 
= ft_countdown =================================================================
$> gcc -Wextra -Wall -Werror ft_countdown.c -o user_exe 

= Test 1 ===================================================
$> ./h7bcjxo1tiu7p1jhuadokze4
$> diff -U 3 user_output_test1 test1.output | cat -e

Diff OK :D
Grade: 1

= Final grade: 1 ===============================================================
